2024-04-27 00:38:00.159  INFO 93548 --- [main] e.t.l.SpringBootRestServiceApplication   : Starting SpringBootRestServiceApplication using Java 17.0.8.1 on Mebins-MacBook-Air.local with PID 93548 (/Users/mebinmathew/Documents/TUS Codebase/library-app/library-app/target/classes started by mebinmathew in /Users/mebinmathew/Documents/TUS Codebase/library-app/library-app)
2024-04-27 00:38:00.162  INFO 93548 --- [main] e.t.l.SpringBootRestServiceApplication   : The following 1 profile is active: "dev"
2024-04-27 00:38:00.395  INFO 93548 --- [main] .s.d.r.c.RepositoryConfigurationDelegate : Bootstrapping Spring Data JPA repositories in DEFAULT mode.
2024-04-27 00:38:00.413  INFO 93548 --- [main] .s.d.r.c.RepositoryConfigurationDelegate : Finished Spring Data repository scanning in 14 ms. Found 1 JPA repository interfaces.
2024-04-27 00:38:00.605  INFO 93548 --- [main] o.s.b.w.embedded.tomcat.TomcatWebServer  : Tomcat initialized with port(s): 8081 (http)
2024-04-27 00:38:00.610  INFO 93548 --- [main] o.apache.catalina.core.StandardService   : Starting service [Tomcat]
2024-04-27 00:38:00.610  INFO 93548 --- [main] org.apache.catalina.core.StandardEngine  : Starting Servlet engine: [Apache Tomcat/9.0.70]
2024-04-27 00:38:00.650  INFO 93548 --- [main] o.a.c.c.C.[Tomcat].[localhost].[/]       : Initializing Spring embedded WebApplicationContext
2024-04-27 00:38:00.651  INFO 93548 --- [main] w.s.c.ServletWebServerApplicationContext : Root WebApplicationContext: initialization completed in 468 ms
2024-04-27 00:38:00.664  INFO 93548 --- [main] com.zaxxer.hikari.HikariDataSource       : HikariPool-1 - Starting...
2024-04-27 00:38:00.755  INFO 93548 --- [main] com.zaxxer.hikari.HikariDataSource       : HikariPool-1 - Start completed.
2024-04-27 00:38:00.760  INFO 93548 --- [main] o.s.b.a.h2.H2ConsoleAutoConfiguration    : H2 console available at '/h2-console'. Database available at 'jdbc:h2:mem:testdb'
2024-04-27 00:38:00.816  INFO 93548 --- [main] o.hibernate.jpa.internal.util.LogHelper  : HHH000204: Processing PersistenceUnitInfo [name: default]
2024-04-27 00:38:00.840  INFO 93548 --- [main] org.hibernate.Version                    : HHH000412: Hibernate ORM core version 5.6.14.Final
2024-04-27 00:38:00.904  INFO 93548 --- [main] o.hibernate.annotations.common.Version   : HCANN000001: Hibernate Commons Annotations {5.1.2.Final}
2024-04-27 00:38:00.950  INFO 93548 --- [main] org.hibernate.dialect.Dialect            : HHH000400: Using dialect: org.hibernate.dialect.H2Dialect
2024-04-27 00:38:01.138  INFO 93548 --- [main] o.h.e.t.j.p.i.JtaPlatformInitiator       : HHH000490: Using JtaPlatform implementation: [org.hibernate.engine.transaction.jta.platform.internal.NoJtaPlatform]
2024-04-27 00:38:01.141  INFO 93548 --- [main] j.LocalContainerEntityManagerFactoryBean : Initialized JPA EntityManagerFactory for persistence unit 'default'
2024-04-27 00:38:01.266  WARN 93548 --- [main] JpaBaseConfiguration$JpaWebConfiguration : spring.jpa.open-in-view is enabled by default. Therefore, database queries may be performed during view rendering. Explicitly configure spring.jpa.open-in-view to disable this warning
2024-04-27 00:38:01.414  INFO 93548 --- [main] o.s.b.w.embedded.tomcat.TomcatWebServer  : Tomcat started on port(s): 8081 (http) with context path ''
2024-04-27 00:38:01.419  INFO 93548 --- [main] e.t.l.SpringBootRestServiceApplication   : Started SpringBootRestServiceApplication in 1.411 seconds (JVM running for 1.757)
2024-04-27T00:45:53.016+01:00  WARN 93659 --- [main] ory$DuplicateJsonObjectContextCustomizer : 

Found multiple occurrences of org.json.JSONObject on the class path:

	jar:file:/Users/mebinmathew/.m2/repository/com/vaadin/external/google/android-json/0.0.20131108.vaadin1/android-json-0.0.20131108.vaadin1.jar!/org/json/JSONObject.class
	jar:file:/Users/mebinmathew/.m2/repository/org/json/json/20160212/json-20160212.jar!/org/json/JSONObject.class

You may wish to exclude one of them to ensure predictable runtime behavior

2024-04-27T00:45:53.028+01:00  INFO 93659 --- [main] e.t.l.c.LibraryControllerMockMvcTest     : Starting LibraryControllerMockMvcTest using Java 17.0.8.1 with PID 93659 (started by mebinmathew in /Users/mebinmathew/Documents/TUS Codebase/library-app/library-app)
2024-04-27T00:45:53.029+01:00  INFO 93659 --- [main] e.t.l.c.LibraryControllerMockMvcTest     : The following 1 profile is active: "dev"
2024-04-27T00:45:53.532+01:00  INFO 93659 --- [main] .s.d.r.c.RepositoryConfigurationDelegate : Bootstrapping Spring Data JPA repositories in DEFAULT mode.
2024-04-27T00:45:53.576+01:00  INFO 93659 --- [main] .s.d.r.c.RepositoryConfigurationDelegate : Finished Spring Data repository scanning in 30 ms. Found 1 JPA repository interface.
2024-04-27T00:45:54.931+01:00  INFO 93659 --- [main] o.hibernate.jpa.internal.util.LogHelper  : HHH000204: Processing PersistenceUnitInfo [name: default]
2024-04-27T00:45:55.097+01:00  INFO 93659 --- [main] org.hibernate.Version                    : HHH000412: Hibernate ORM core version 6.4.4.Final
2024-04-27T00:45:55.189+01:00  INFO 93659 --- [main] o.h.c.internal.RegionFactoryInitiator    : HHH000026: Second-level cache disabled
2024-04-27T00:45:55.469+01:00  INFO 93659 --- [main] o.s.o.j.p.SpringPersistenceUnitInfo      : No LoadTimeWeaver setup: ignoring JPA class transformer
2024-04-27T00:45:55.531+01:00  INFO 93659 --- [main] com.zaxxer.hikari.HikariDataSource       : HikariPool-1 - Starting...
2024-04-27T00:45:56.115+01:00  INFO 93659 --- [main] com.zaxxer.hikari.pool.HikariPool        : HikariPool-1 - Added connection conn0: url=jdbc:h2:mem:testdb user=SA
2024-04-27T00:45:56.117+01:00  INFO 93659 --- [main] com.zaxxer.hikari.HikariDataSource       : HikariPool-1 - Start completed.
2024-04-27T00:45:56.840+01:00  INFO 93659 --- [main] o.h.e.t.j.p.i.JtaPlatformInitiator       : HHH000489: No JTA platform available (set 'hibernate.transaction.jta.platform' to enable JTA platform integration)
2024-04-27T00:45:56.872+01:00  INFO 93659 --- [main] j.LocalContainerEntityManagerFactoryBean : Initialized JPA EntityManagerFactory for persistence unit 'default'
2024-04-27T00:45:57.010+01:00  WARN 93659 --- [main] JpaBaseConfiguration$JpaWebConfiguration : spring.jpa.open-in-view is enabled by default. Therefore, database queries may be performed during view rendering. Explicitly configure spring.jpa.open-in-view to disable this warning
2024-04-27T00:45:57.336+01:00  INFO 93659 --- [main] o.s.b.a.h2.H2ConsoleAutoConfiguration    : H2 console available at '/h2-console'. Database available at 'jdbc:h2:mem:testdb'
2024-04-27T00:45:57.400+01:00  INFO 93659 --- [main] o.s.b.t.m.w.SpringBootMockServletContext : Initializing Spring TestDispatcherServlet ''
2024-04-27T00:45:57.401+01:00  INFO 93659 --- [main] o.s.t.web.servlet.TestDispatcherServlet  : Initializing Servlet ''
2024-04-27T00:45:57.401+01:00  INFO 93659 --- [main] o.s.t.web.servlet.TestDispatcherServlet  : Completed initialization in 0 ms
2024-04-27T00:45:57.421+01:00  INFO 93659 --- [main] e.t.l.c.LibraryControllerMockMvcTest     : Started LibraryControllerMockMvcTest in 4.657 seconds (process running for 5.591)
2024-04-27T00:45:57.642+01:00  INFO 93659 --- [main] e.t.l.controller.LibraryController       : Updating existing book
2024-04-27T00:45:57.678+01:00  INFO 93659 --- [main] e.t.l.controller.LibraryController       : Book do not exist so creating one
2024-04-27T00:45:57.768+01:00  INFO 93659 --- [main] t.c.s.AnnotationConfigContextLoaderUtils : Could not detect default configuration classes for test class [edu.tus.library.controller.LibraryControllerTest]: LibraryControllerTest does not declare any static, non-private, non-final, nested classes annotated with @Configuration.
2024-04-27T00:45:57.769+01:00  INFO 93659 --- [main] .b.t.c.SpringBootTestContextBootstrapper : Found @SpringBootConfiguration edu.tus.library.SpringBootRestServiceApplication for test class edu.tus.library.controller.LibraryControllerTest
2024-04-27T00:45:57.788+01:00  WARN 93659 --- [main] ory$DuplicateJsonObjectContextCustomizer : 

Found multiple occurrences of org.json.JSONObject on the class path:

	jar:file:/Users/mebinmathew/.m2/repository/com/vaadin/external/google/android-json/0.0.20131108.vaadin1/android-json-0.0.20131108.vaadin1.jar!/org/json/JSONObject.class
	jar:file:/Users/mebinmathew/.m2/repository/org/json/json/20160212/json-20160212.jar!/org/json/JSONObject.class

You may wish to exclude one of them to ensure predictable runtime behavior

2024-04-27T00:45:57.789+01:00  INFO 93659 --- [main] e.t.l.controller.LibraryControllerTest   : Starting LibraryControllerTest using Java 17.0.8.1 with PID 93659 (started by mebinmathew in /Users/mebinmathew/Documents/TUS Codebase/library-app/library-app)
2024-04-27T00:45:57.789+01:00  INFO 93659 --- [main] e.t.l.controller.LibraryControllerTest   : The following 1 profile is active: "dev"
2024-04-27T00:45:57.930+01:00  INFO 93659 --- [main] .s.d.r.c.RepositoryConfigurationDelegate : Bootstrapping Spring Data JPA repositories in DEFAULT mode.
2024-04-27T00:45:57.936+01:00  INFO 93659 --- [main] .s.d.r.c.RepositoryConfigurationDelegate : Finished Spring Data repository scanning in 5 ms. Found 1 JPA repository interface.
2024-04-27T00:45:57.988+01:00  INFO 93659 --- [main] o.hibernate.jpa.internal.util.LogHelper  : HHH000204: Processing PersistenceUnitInfo [name: default]
2024-04-27T00:45:57.989+01:00  INFO 93659 --- [main] o.h.c.internal.RegionFactoryInitiator    : HHH000026: Second-level cache disabled
2024-04-27T00:45:57.992+01:00  INFO 93659 --- [main] o.s.o.j.p.SpringPersistenceUnitInfo      : No LoadTimeWeaver setup: ignoring JPA class transformer
2024-04-27T00:45:57.993+01:00  INFO 93659 --- [main] com.zaxxer.hikari.HikariDataSource       : HikariPool-2 - Starting...
2024-04-27T00:45:57.993+01:00  INFO 93659 --- [main] com.zaxxer.hikari.pool.HikariPool        : HikariPool-2 - Added connection conn10: url=jdbc:h2:mem:testdb user=SA
2024-04-27T00:45:57.993+01:00  INFO 93659 --- [main] com.zaxxer.hikari.HikariDataSource       : HikariPool-2 - Start completed.
2024-04-27T00:45:58.014+01:00  INFO 93659 --- [main] o.h.e.t.j.p.i.JtaPlatformInitiator       : HHH000489: No JTA platform available (set 'hibernate.transaction.jta.platform' to enable JTA platform integration)
2024-04-27T00:45:58.016+01:00  INFO 93659 --- [main] j.LocalContainerEntityManagerFactoryBean : Initialized JPA EntityManagerFactory for persistence unit 'default'
2024-04-27T00:45:58.048+01:00  WARN 93659 --- [main] JpaBaseConfiguration$JpaWebConfiguration : spring.jpa.open-in-view is enabled by default. Therefore, database queries may be performed during view rendering. Explicitly configure spring.jpa.open-in-view to disable this warning
2024-04-27T00:45:58.133+01:00  INFO 93659 --- [main] o.s.b.a.h2.H2ConsoleAutoConfiguration    : H2 console available at '/h2-console'. Database available at 'jdbc:h2:mem:testdb'
2024-04-27T00:45:58.160+01:00  INFO 93659 --- [main] e.t.l.controller.LibraryControllerTest   : Started LibraryControllerTest in 0.387 seconds (process running for 6.329)
2024-04-27T00:45:58.165+01:00  INFO 93659 --- [main] e.t.l.controller.LibraryController       : Book do not exist so creating one
2024-04-27T00:45:58.170+01:00  INFO 93659 --- [main] e.t.l.controller.LibraryController       : Book  exist so skipping creation
2024-04-27T00:45:58.288+01:00  INFO 93659 --- [SpringApplicationShutdownHook] j.LocalContainerEntityManagerFactoryBean : Closing JPA EntityManagerFactory for persistence unit 'default'
2024-04-27T00:45:58.291+01:00  INFO 93659 --- [SpringApplicationShutdownHook] com.zaxxer.hikari.HikariDataSource       : HikariPool-1 - Shutdown initiated...
2024-04-27T00:45:58.292+01:00  INFO 93659 --- [SpringApplicationShutdownHook] com.zaxxer.hikari.HikariDataSource       : HikariPool-1 - Shutdown completed.
2024-04-27T00:45:58.293+01:00  INFO 93659 --- [SpringApplicationShutdownHook] j.LocalContainerEntityManagerFactoryBean : Closing JPA EntityManagerFactory for persistence unit 'default'
2024-04-27T00:45:58.294+01:00  INFO 93659 --- [SpringApplicationShutdownHook] com.zaxxer.hikari.HikariDataSource       : HikariPool-2 - Shutdown initiated...
2024-04-27T00:45:58.294+01:00  INFO 93659 --- [SpringApplicationShutdownHook] com.zaxxer.hikari.HikariDataSource       : HikariPool-2 - Shutdown completed.
2024-04-27T00:48:42.509+01:00  INFO 93725 --- [main] e.t.l.SpringBootRestServiceApplication   : Starting SpringBootRestServiceApplication using Java 17.0.8.1 with PID 93725 (/Users/mebinmathew/Documents/TUS Codebase/library-app/library-app/target/classes started by mebinmathew in /Users/mebinmathew/Documents/TUS Codebase/library-app/library-app)
2024-04-27T00:48:42.511+01:00  INFO 93725 --- [main] e.t.l.SpringBootRestServiceApplication   : The following 1 profile is active: "dev"
2024-04-27T00:48:42.767+01:00  INFO 93725 --- [main] .s.d.r.c.RepositoryConfigurationDelegate : Bootstrapping Spring Data JPA repositories in DEFAULT mode.
2024-04-27T00:48:42.785+01:00  INFO 93725 --- [main] .s.d.r.c.RepositoryConfigurationDelegate : Finished Spring Data repository scanning in 15 ms. Found 1 JPA repository interface.
2024-04-27T00:48:42.965+01:00  INFO 93725 --- [main] o.s.b.w.embedded.tomcat.TomcatWebServer  : Tomcat initialized with port 8081 (http)
2024-04-27T00:48:42.971+01:00  INFO 93725 --- [main] o.apache.catalina.core.StandardService   : Starting service [Tomcat]
2024-04-27T00:48:42.971+01:00  INFO 93725 --- [main] o.apache.catalina.core.StandardEngine    : Starting Servlet engine: [Apache Tomcat/10.1.20]
2024-04-27T00:48:42.991+01:00  INFO 93725 --- [main] o.a.c.c.C.[Tomcat].[localhost].[/]       : Initializing Spring embedded WebApplicationContext
2024-04-27T00:48:42.991+01:00  INFO 93725 --- [main] w.s.c.ServletWebServerApplicationContext : Root WebApplicationContext: initialization completed in 415 ms
2024-04-27T00:48:43.003+01:00  INFO 93725 --- [main] com.zaxxer.hikari.HikariDataSource       : HikariPool-1 - Starting...
2024-04-27T00:48:43.082+01:00  INFO 93725 --- [main] com.zaxxer.hikari.pool.HikariPool        : HikariPool-1 - Added connection conn0: url=jdbc:h2:mem:testdb user=SA
2024-04-27T00:48:43.083+01:00  INFO 93725 --- [main] com.zaxxer.hikari.HikariDataSource       : HikariPool-1 - Start completed.
2024-04-27T00:48:43.088+01:00  INFO 93725 --- [main] o.s.b.a.h2.H2ConsoleAutoConfiguration    : H2 console available at '/h2-console'. Database available at 'jdbc:h2:mem:testdb'
2024-04-27T00:48:43.129+01:00  INFO 93725 --- [main] o.hibernate.jpa.internal.util.LogHelper  : HHH000204: Processing PersistenceUnitInfo [name: default]
2024-04-27T00:48:43.148+01:00  INFO 93725 --- [main] org.hibernate.Version                    : HHH000412: Hibernate ORM core version 6.4.4.Final
2024-04-27T00:48:43.159+01:00  INFO 93725 --- [main] o.h.c.internal.RegionFactoryInitiator    : HHH000026: Second-level cache disabled
2024-04-27T00:48:43.237+01:00  INFO 93725 --- [main] o.s.o.j.p.SpringPersistenceUnitInfo      : No LoadTimeWeaver setup: ignoring JPA class transformer
2024-04-27T00:48:43.536+01:00  INFO 93725 --- [main] o.h.e.t.j.p.i.JtaPlatformInitiator       : HHH000489: No JTA platform available (set 'hibernate.transaction.jta.platform' to enable JTA platform integration)
2024-04-27T00:48:43.549+01:00  INFO 93725 --- [main] j.LocalContainerEntityManagerFactoryBean : Initialized JPA EntityManagerFactory for persistence unit 'default'
2024-04-27T00:48:43.662+01:00  WARN 93725 --- [main] JpaBaseConfiguration$JpaWebConfiguration : spring.jpa.open-in-view is enabled by default. Therefore, database queries may be performed during view rendering. Explicitly configure spring.jpa.open-in-view to disable this warning
2024-04-27T00:48:43.815+01:00  WARN 93725 --- [main] ConfigServletWebServerApplicationContext : Exception encountered during context initialization - cancelling refresh attempt: org.springframework.context.ApplicationContextException: Failed to start bean 'webServerStartStop'
2024-04-27T00:48:43.816+01:00  INFO 93725 --- [main] j.LocalContainerEntityManagerFactoryBean : Closing JPA EntityManagerFactory for persistence unit 'default'
2024-04-27T00:48:43.818+01:00  INFO 93725 --- [main] com.zaxxer.hikari.HikariDataSource       : HikariPool-1 - Shutdown initiated...
2024-04-27T00:48:43.819+01:00  INFO 93725 --- [main] com.zaxxer.hikari.HikariDataSource       : HikariPool-1 - Shutdown completed.
2024-04-27T00:48:43.826+01:00  INFO 93725 --- [main] .s.b.a.l.ConditionEvaluationReportLogger : 

Error starting ApplicationContext. To display the condition evaluation report re-run your application with 'debug' enabled.
2024-04-27T00:48:43.833+01:00 ERROR 93725 --- [main] o.s.b.d.LoggingFailureAnalysisReporter   : 

***************************
APPLICATION FAILED TO START
***************************

Description:

Web server failed to start. Port 8081 was already in use.

Action:

Identify and stop the process that's listening on port 8081 or configure this application to listen on another port.

2024-04-27 00:48:46.872  INFO 93548 --- [RMI TCP Connection(20)-127.0.0.1] inMXBeanRegistrar$SpringApplicationAdmin : Application shutdown requested.
2024-04-27 00:48:46.885  INFO 93548 --- [RMI TCP Connection(20)-127.0.0.1] o.apache.catalina.core.StandardService   : Stopping service [Tomcat]
2024-04-27 00:48:46.891  INFO 93548 --- [RMI TCP Connection(20)-127.0.0.1] j.LocalContainerEntityManagerFactoryBean : Closing JPA EntityManagerFactory for persistence unit 'default'
2024-04-27 00:48:46.891  INFO 93548 --- [RMI TCP Connection(20)-127.0.0.1] .SchemaDropperImpl$DelayedDropActionImpl : HHH000477: Starting delayed evictData of schema as part of SessionFactory shut-down'
2024-04-27 00:48:46.895  INFO 93548 --- [RMI TCP Connection(20)-127.0.0.1] com.zaxxer.hikari.HikariDataSource       : HikariPool-1 - Shutdown initiated...
2024-04-27 00:48:46.896  INFO 93548 --- [RMI TCP Connection(20)-127.0.0.1] com.zaxxer.hikari.HikariDataSource       : HikariPool-1 - Shutdown completed.
2024-04-27T00:48:48.367+01:00  INFO 93726 --- [main] e.t.l.SpringBootRestServiceApplication   : Starting SpringBootRestServiceApplication using Java 17.0.8.1 with PID 93726 (/Users/mebinmathew/Documents/TUS Codebase/library-app/library-app/target/classes started by mebinmathew in /Users/mebinmathew/Documents/TUS Codebase/library-app/library-app)
2024-04-27T00:48:48.369+01:00  INFO 93726 --- [main] e.t.l.SpringBootRestServiceApplication   : The following 1 profile is active: "dev"
2024-04-27T00:48:48.622+01:00  INFO 93726 --- [main] .s.d.r.c.RepositoryConfigurationDelegate : Bootstrapping Spring Data JPA repositories in DEFAULT mode.
2024-04-27T00:48:48.641+01:00  INFO 93726 --- [main] .s.d.r.c.RepositoryConfigurationDelegate : Finished Spring Data repository scanning in 15 ms. Found 1 JPA repository interface.
2024-04-27T00:48:48.816+01:00  INFO 93726 --- [main] o.s.b.w.embedded.tomcat.TomcatWebServer  : Tomcat initialized with port 8081 (http)
2024-04-27T00:48:48.821+01:00  INFO 93726 --- [main] o.apache.catalina.core.StandardService   : Starting service [Tomcat]
2024-04-27T00:48:48.821+01:00  INFO 93726 --- [main] o.apache.catalina.core.StandardEngine    : Starting Servlet engine: [Apache Tomcat/10.1.20]
2024-04-27T00:48:48.840+01:00  INFO 93726 --- [main] o.a.c.c.C.[Tomcat].[localhost].[/]       : Initializing Spring embedded WebApplicationContext
2024-04-27T00:48:48.840+01:00  INFO 93726 --- [main] w.s.c.ServletWebServerApplicationContext : Root WebApplicationContext: initialization completed in 411 ms
2024-04-27T00:48:48.851+01:00  INFO 93726 --- [main] com.zaxxer.hikari.HikariDataSource       : HikariPool-1 - Starting...
2024-04-27T00:48:48.925+01:00  INFO 93726 --- [main] com.zaxxer.hikari.pool.HikariPool        : HikariPool-1 - Added connection conn0: url=jdbc:h2:mem:testdb user=SA
2024-04-27T00:48:48.926+01:00  INFO 93726 --- [main] com.zaxxer.hikari.HikariDataSource       : HikariPool-1 - Start completed.
2024-04-27T00:48:48.931+01:00  INFO 93726 --- [main] o.s.b.a.h2.H2ConsoleAutoConfiguration    : H2 console available at '/h2-console'. Database available at 'jdbc:h2:mem:testdb'
2024-04-27T00:48:48.973+01:00  INFO 93726 --- [main] o.hibernate.jpa.internal.util.LogHelper  : HHH000204: Processing PersistenceUnitInfo [name: default]
2024-04-27T00:48:48.991+01:00  INFO 93726 --- [main] org.hibernate.Version                    : HHH000412: Hibernate ORM core version 6.4.4.Final
2024-04-27T00:48:49.003+01:00  INFO 93726 --- [main] o.h.c.internal.RegionFactoryInitiator    : HHH000026: Second-level cache disabled
2024-04-27T00:48:49.080+01:00  INFO 93726 --- [main] o.s.o.j.p.SpringPersistenceUnitInfo      : No LoadTimeWeaver setup: ignoring JPA class transformer
2024-04-27T00:48:49.378+01:00  INFO 93726 --- [main] o.h.e.t.j.p.i.JtaPlatformInitiator       : HHH000489: No JTA platform available (set 'hibernate.transaction.jta.platform' to enable JTA platform integration)
2024-04-27T00:48:49.390+01:00  INFO 93726 --- [main] j.LocalContainerEntityManagerFactoryBean : Initialized JPA EntityManagerFactory for persistence unit 'default'
2024-04-27T00:48:49.505+01:00  WARN 93726 --- [main] JpaBaseConfiguration$JpaWebConfiguration : spring.jpa.open-in-view is enabled by default. Therefore, database queries may be performed during view rendering. Explicitly configure spring.jpa.open-in-view to disable this warning
2024-04-27T00:48:49.658+01:00  INFO 93726 --- [main] o.s.b.w.embedded.tomcat.TomcatWebServer  : Tomcat started on port 8081 (http) with context path ''
2024-04-27T00:48:49.664+01:00  INFO 93726 --- [main] e.t.l.SpringBootRestServiceApplication   : Started SpringBootRestServiceApplication in 1.439 seconds (process running for 1.705)
2024-04-27T00:49:50.784+01:00  WARN 93748 --- [main] ory$DuplicateJsonObjectContextCustomizer : 

Found multiple occurrences of org.json.JSONObject on the class path:

	jar:file:/Users/mebinmathew/.m2/repository/com/vaadin/external/google/android-json/0.0.20131108.vaadin1/android-json-0.0.20131108.vaadin1.jar!/org/json/JSONObject.class
	jar:file:/Users/mebinmathew/.m2/repository/org/json/json/20160212/json-20160212.jar!/org/json/JSONObject.class

You may wish to exclude one of them to ensure predictable runtime behavior

2024-04-27T00:49:50.795+01:00  INFO 93748 --- [main] e.t.l.c.LibraryControllerMockMvcTest     : Starting LibraryControllerMockMvcTest using Java 17.0.8.1 with PID 93748 (started by mebinmathew in /Users/mebinmathew/Documents/TUS Codebase/library-app/library-app)
2024-04-27T00:49:50.796+01:00  INFO 93748 --- [main] e.t.l.c.LibraryControllerMockMvcTest     : The following 1 profile is active: "dev"
2024-04-27T00:49:51.755+01:00  INFO 93748 --- [main] .s.d.r.c.RepositoryConfigurationDelegate : Bootstrapping Spring Data JPA repositories in DEFAULT mode.
2024-04-27T00:49:51.786+01:00  INFO 93748 --- [main] .s.d.r.c.RepositoryConfigurationDelegate : Finished Spring Data repository scanning in 26 ms. Found 1 JPA repository interface.
2024-04-27T00:49:53.114+01:00  INFO 93748 --- [main] o.hibernate.jpa.internal.util.LogHelper  : HHH000204: Processing PersistenceUnitInfo [name: default]
2024-04-27T00:49:53.269+01:00  INFO 93748 --- [main] org.hibernate.Version                    : HHH000412: Hibernate ORM core version 6.4.4.Final
2024-04-27T00:49:53.360+01:00  INFO 93748 --- [main] o.h.c.internal.RegionFactoryInitiator    : HHH000026: Second-level cache disabled
2024-04-27T00:49:53.622+01:00  INFO 93748 --- [main] o.s.o.j.p.SpringPersistenceUnitInfo      : No LoadTimeWeaver setup: ignoring JPA class transformer
2024-04-27T00:49:53.695+01:00  INFO 93748 --- [main] com.zaxxer.hikari.HikariDataSource       : HikariPool-1 - Starting...
2024-04-27T00:49:54.411+01:00  INFO 93748 --- [main] com.zaxxer.hikari.pool.HikariPool        : HikariPool-1 - Added connection conn0: url=jdbc:h2:mem:testdb user=SA
2024-04-27T00:49:54.413+01:00  INFO 93748 --- [main] com.zaxxer.hikari.HikariDataSource       : HikariPool-1 - Start completed.
2024-04-27T00:49:55.459+01:00  INFO 93748 --- [main] o.h.e.t.j.p.i.JtaPlatformInitiator       : HHH000489: No JTA platform available (set 'hibernate.transaction.jta.platform' to enable JTA platform integration)
2024-04-27T00:49:55.492+01:00  INFO 93748 --- [main] j.LocalContainerEntityManagerFactoryBean : Initialized JPA EntityManagerFactory for persistence unit 'default'
2024-04-27T00:49:55.730+01:00  WARN 93748 --- [main] JpaBaseConfiguration$JpaWebConfiguration : spring.jpa.open-in-view is enabled by default. Therefore, database queries may be performed during view rendering. Explicitly configure spring.jpa.open-in-view to disable this warning
2024-04-27T00:49:56.152+01:00  INFO 93748 --- [main] o.s.b.a.h2.H2ConsoleAutoConfiguration    : H2 console available at '/h2-console'. Database available at 'jdbc:h2:mem:testdb'
2024-04-27T00:49:56.216+01:00  INFO 93748 --- [main] o.s.b.t.m.w.SpringBootMockServletContext : Initializing Spring TestDispatcherServlet ''
2024-04-27T00:49:56.216+01:00  INFO 93748 --- [main] o.s.t.web.servlet.TestDispatcherServlet  : Initializing Servlet ''
2024-04-27T00:49:56.218+01:00  INFO 93748 --- [main] o.s.t.web.servlet.TestDispatcherServlet  : Completed initialization in 0 ms
2024-04-27T00:49:56.241+01:00  INFO 93748 --- [main] e.t.l.c.LibraryControllerMockMvcTest     : Started LibraryControllerMockMvcTest in 5.685 seconds (process running for 6.571)
2024-04-27T00:49:56.444+01:00  INFO 93748 --- [main] e.t.l.controller.LibraryController       : Updating existing book
2024-04-27T00:49:56.480+01:00  INFO 93748 --- [main] e.t.l.controller.LibraryController       : Book do not exist so creating one
2024-04-27T00:49:56.571+01:00  INFO 93748 --- [main] t.c.s.AnnotationConfigContextLoaderUtils : Could not detect default configuration classes for test class [edu.tus.library.controller.LibraryControllerTest]: LibraryControllerTest does not declare any static, non-private, non-final, nested classes annotated with @Configuration.
2024-04-27T00:49:56.573+01:00  INFO 93748 --- [main] .b.t.c.SpringBootTestContextBootstrapper : Found @SpringBootConfiguration edu.tus.library.SpringBootRestServiceApplication for test class edu.tus.library.controller.LibraryControllerTest
2024-04-27T00:49:56.592+01:00  WARN 93748 --- [main] ory$DuplicateJsonObjectContextCustomizer : 

Found multiple occurrences of org.json.JSONObject on the class path:

	jar:file:/Users/mebinmathew/.m2/repository/com/vaadin/external/google/android-json/0.0.20131108.vaadin1/android-json-0.0.20131108.vaadin1.jar!/org/json/JSONObject.class
	jar:file:/Users/mebinmathew/.m2/repository/org/json/json/20160212/json-20160212.jar!/org/json/JSONObject.class

You may wish to exclude one of them to ensure predictable runtime behavior

2024-04-27T00:49:56.593+01:00  INFO 93748 --- [main] e.t.l.controller.LibraryControllerTest   : Starting LibraryControllerTest using Java 17.0.8.1 with PID 93748 (started by mebinmathew in /Users/mebinmathew/Documents/TUS Codebase/library-app/library-app)
2024-04-27T00:49:56.593+01:00  INFO 93748 --- [main] e.t.l.controller.LibraryControllerTest   : The following 1 profile is active: "dev"
2024-04-27T00:49:56.765+01:00  INFO 93748 --- [main] .s.d.r.c.RepositoryConfigurationDelegate : Bootstrapping Spring Data JPA repositories in DEFAULT mode.
2024-04-27T00:49:56.769+01:00  INFO 93748 --- [main] .s.d.r.c.RepositoryConfigurationDelegate : Finished Spring Data repository scanning in 4 ms. Found 1 JPA repository interface.
2024-04-27T00:49:56.834+01:00  INFO 93748 --- [main] o.hibernate.jpa.internal.util.LogHelper  : HHH000204: Processing PersistenceUnitInfo [name: default]
2024-04-27T00:49:56.836+01:00  INFO 93748 --- [main] o.h.c.internal.RegionFactoryInitiator    : HHH000026: Second-level cache disabled
2024-04-27T00:49:56.839+01:00  INFO 93748 --- [main] o.s.o.j.p.SpringPersistenceUnitInfo      : No LoadTimeWeaver setup: ignoring JPA class transformer
2024-04-27T00:49:56.839+01:00  INFO 93748 --- [main] com.zaxxer.hikari.HikariDataSource       : HikariPool-2 - Starting...
2024-04-27T00:49:56.840+01:00  INFO 93748 --- [main] com.zaxxer.hikari.pool.HikariPool        : HikariPool-2 - Added connection conn10: url=jdbc:h2:mem:testdb user=SA
2024-04-27T00:49:56.840+01:00  INFO 93748 --- [main] com.zaxxer.hikari.HikariDataSource       : HikariPool-2 - Start completed.
2024-04-27T00:49:56.862+01:00  INFO 93748 --- [main] o.h.e.t.j.p.i.JtaPlatformInitiator       : HHH000489: No JTA platform available (set 'hibernate.transaction.jta.platform' to enable JTA platform integration)
2024-04-27T00:49:56.864+01:00  INFO 93748 --- [main] j.LocalContainerEntityManagerFactoryBean : Initialized JPA EntityManagerFactory for persistence unit 'default'
2024-04-27T00:49:56.914+01:00  WARN 93748 --- [main] JpaBaseConfiguration$JpaWebConfiguration : spring.jpa.open-in-view is enabled by default. Therefore, database queries may be performed during view rendering. Explicitly configure spring.jpa.open-in-view to disable this warning
2024-04-27T00:49:57.030+01:00  INFO 93748 --- [main] o.s.b.a.h2.H2ConsoleAutoConfiguration    : H2 console available at '/h2-console'. Database available at 'jdbc:h2:mem:testdb'
2024-04-27T00:49:57.057+01:00  INFO 93748 --- [main] e.t.l.controller.LibraryControllerTest   : Started LibraryControllerTest in 0.481 seconds (process running for 7.387)
2024-04-27T00:49:57.063+01:00  INFO 93748 --- [main] e.t.l.controller.LibraryController       : Book do not exist so creating one
2024-04-27T00:49:57.068+01:00  INFO 93748 --- [main] e.t.l.controller.LibraryController       : Book  exist so skipping creation
2024-04-27T00:49:57.211+01:00  INFO 93748 --- [SpringApplicationShutdownHook] j.LocalContainerEntityManagerFactoryBean : Closing JPA EntityManagerFactory for persistence unit 'default'
2024-04-27T00:49:57.214+01:00  INFO 93748 --- [SpringApplicationShutdownHook] com.zaxxer.hikari.HikariDataSource       : HikariPool-1 - Shutdown initiated...
2024-04-27T00:49:57.214+01:00  INFO 93748 --- [SpringApplicationShutdownHook] com.zaxxer.hikari.HikariDataSource       : HikariPool-1 - Shutdown completed.
2024-04-27T00:49:57.216+01:00  INFO 93748 --- [SpringApplicationShutdownHook] j.LocalContainerEntityManagerFactoryBean : Closing JPA EntityManagerFactory for persistence unit 'default'
2024-04-27T00:49:57.217+01:00  INFO 93748 --- [SpringApplicationShutdownHook] com.zaxxer.hikari.HikariDataSource       : HikariPool-2 - Shutdown initiated...
2024-04-27T00:49:57.218+01:00  INFO 93748 --- [SpringApplicationShutdownHook] com.zaxxer.hikari.HikariDataSource       : HikariPool-2 - Shutdown completed.
2024-04-27T00:50:05.263+01:00  INFO 93726 --- [RMI TCP Connection(11)-127.0.0.1] inMXBeanRegistrar$SpringApplicationAdmin : Application shutdown requested.
2024-04-27T00:50:05.286+01:00  INFO 93726 --- [RMI TCP Connection(11)-127.0.0.1] j.LocalContainerEntityManagerFactoryBean : Closing JPA EntityManagerFactory for persistence unit 'default'
2024-04-27T00:50:05.290+01:00  INFO 93726 --- [RMI TCP Connection(11)-127.0.0.1] com.zaxxer.hikari.HikariDataSource       : HikariPool-1 - Shutdown initiated...
2024-04-27T00:50:05.292+01:00  INFO 93726 --- [RMI TCP Connection(11)-127.0.0.1] com.zaxxer.hikari.HikariDataSource       : HikariPool-1 - Shutdown completed.
2024-04-27T00:50:14.772+01:00  INFO 93784 --- [main] e.t.l.SpringBootRestServiceApplication   : Starting SpringBootRestServiceApplication using Java 17.0.8.1 with PID 93784 (/Users/mebinmathew/Documents/TUS Codebase/library-app/library-app/target/classes started by mebinmathew in /Users/mebinmathew/Documents/TUS Codebase/library-app/library-app)
2024-04-27T00:50:14.773+01:00  INFO 93784 --- [main] e.t.l.SpringBootRestServiceApplication   : The following 1 profile is active: "dev"
2024-04-27T00:50:15.080+01:00  INFO 93784 --- [main] .s.d.r.c.RepositoryConfigurationDelegate : Bootstrapping Spring Data JPA repositories in DEFAULT mode.
2024-04-27T00:50:15.103+01:00  INFO 93784 --- [main] .s.d.r.c.RepositoryConfigurationDelegate : Finished Spring Data repository scanning in 20 ms. Found 1 JPA repository interface.
2024-04-27T00:50:15.274+01:00  INFO 93784 --- [main] o.s.b.w.embedded.tomcat.TomcatWebServer  : Tomcat initialized with port 8081 (http)
2024-04-27T00:50:15.279+01:00  INFO 93784 --- [main] o.apache.catalina.core.StandardService   : Starting service [Tomcat]
2024-04-27T00:50:15.279+01:00  INFO 93784 --- [main] o.apache.catalina.core.StandardEngine    : Starting Servlet engine: [Apache Tomcat/10.1.20]
2024-04-27T00:50:15.301+01:00  INFO 93784 --- [main] o.a.c.c.C.[Tomcat].[localhost].[/]       : Initializing Spring embedded WebApplicationContext
2024-04-27T00:50:15.301+01:00  INFO 93784 --- [main] w.s.c.ServletWebServerApplicationContext : Root WebApplicationContext: initialization completed in 464 ms
2024-04-27T00:50:15.312+01:00  INFO 93784 --- [main] com.zaxxer.hikari.HikariDataSource       : HikariPool-1 - Starting...
2024-04-27T00:50:15.391+01:00  INFO 93784 --- [main] com.zaxxer.hikari.pool.HikariPool        : HikariPool-1 - Added connection conn0: url=jdbc:h2:mem:testdb user=SA
2024-04-27T00:50:15.392+01:00  INFO 93784 --- [main] com.zaxxer.hikari.HikariDataSource       : HikariPool-1 - Start completed.
2024-04-27T00:50:15.397+01:00  INFO 93784 --- [main] o.s.b.a.h2.H2ConsoleAutoConfiguration    : H2 console available at '/h2-console'. Database available at 'jdbc:h2:mem:testdb'
2024-04-27T00:50:15.438+01:00  INFO 93784 --- [main] o.hibernate.jpa.internal.util.LogHelper  : HHH000204: Processing PersistenceUnitInfo [name: default]
2024-04-27T00:50:15.457+01:00  INFO 93784 --- [main] org.hibernate.Version                    : HHH000412: Hibernate ORM core version 6.4.4.Final
2024-04-27T00:50:15.470+01:00  INFO 93784 --- [main] o.h.c.internal.RegionFactoryInitiator    : HHH000026: Second-level cache disabled
2024-04-27T00:50:15.545+01:00  INFO 93784 --- [main] o.s.o.j.p.SpringPersistenceUnitInfo      : No LoadTimeWeaver setup: ignoring JPA class transformer
2024-04-27T00:50:15.840+01:00  INFO 93784 --- [main] o.h.e.t.j.p.i.JtaPlatformInitiator       : HHH000489: No JTA platform available (set 'hibernate.transaction.jta.platform' to enable JTA platform integration)
2024-04-27T00:50:15.854+01:00  INFO 93784 --- [main] j.LocalContainerEntityManagerFactoryBean : Initialized JPA EntityManagerFactory for persistence unit 'default'
2024-04-27T00:50:16.000+01:00  WARN 93784 --- [main] JpaBaseConfiguration$JpaWebConfiguration : spring.jpa.open-in-view is enabled by default. Therefore, database queries may be performed during view rendering. Explicitly configure spring.jpa.open-in-view to disable this warning
2024-04-27T00:50:16.185+01:00  INFO 93784 --- [main] o.s.b.w.embedded.tomcat.TomcatWebServer  : Tomcat started on port 8081 (http) with context path ''
2024-04-27T00:50:16.191+01:00  INFO 93784 --- [main] e.t.l.SpringBootRestServiceApplication   : Started SpringBootRestServiceApplication in 1.56 seconds (process running for 1.827)
2024-04-27T00:50:39.273+01:00  INFO 93784 --- [http-nio-8081-exec-1] o.a.c.c.C.[Tomcat].[localhost].[/]       : Initializing Spring DispatcherServlet 'dispatcherServlet'
2024-04-27T00:50:39.275+01:00  INFO 93784 --- [http-nio-8081-exec-1] o.s.web.servlet.DispatcherServlet        : Initializing Servlet 'dispatcherServlet'
2024-04-27T00:50:39.277+01:00  INFO 93784 --- [http-nio-8081-exec-1] o.s.web.servlet.DispatcherServlet        : Completed initialization in 2 ms
2024-04-27T00:50:39.668+01:00  INFO 93784 --- [http-nio-8081-exec-1] o.springdoc.api.AbstractOpenApiResource  : Init duration for springdoc-openapi is: 175 ms
2024-04-27T00:51:48.773+01:00  INFO 93784 --- [http-nio-8081-exec-7] e.t.l.controller.LibraryController       : Book do not exist so creating one
